  PlayGround.cpp
c:\users\joonastuo\desktop\omiatavaroita\cpp_course_project\playground\playground.cpp(33): error C2440: 'initializing': cannot convert from '_Ty' to 'std::_Vector_iterator<std::_Vector_val<std::_Simple_types<_Ty>>>'
          with
          [
              _Ty=mystruct *
          ]
          and
          [
              _Ty=mystruct
          ]
  c:\users\joonastuo\desktop\omiatavaroita\cpp_course_project\playground\playground.cpp(33): note: No constructor could take the source type, or constructor overload resolution was ambiguous
c:\users\joonastuo\desktop\omiatavaroita\cpp_course_project\playground\playground.cpp(33): error C2678: binary '!=': no operator found which takes a left-hand operand of type 'std::_Vector_iterator<std::_Vector_val<std::_Simple_types<_Ty>>>' (or there is no acceptable conversion)
          with
          [
              _Ty=mystruct
          ]
  c:\program files (x86)\microsoft visual studio\2017\community\vc\tools\msvc\14.15.26726\include\vector(168): note: could be 'bool std::_Vector_const_iterator<std::_Vector_val<std::_Simple_types<_Ty>>>::operator !=(const std::_Vector_const_iterator<std::_Vector_val<std::_Simple_types<_Ty>>> &) const'
          with
          [
              _Ty=mystruct
          ]
  c:\program files (x86)\microsoft visual studio\2017\community\vc\tools\msvc\14.15.26726\include\exception(336): note: or       'bool std::operator !=(const std::exception_ptr &,const std::exception_ptr &) noexcept' [found using argument-dependent lookup]
  c:\program files (x86)\microsoft visual studio\2017\community\vc\tools\msvc\14.15.26726\include\exception(341): note: or       'bool std::operator !=(std::nullptr_t,const std::exception_ptr &) noexcept' [found using argument-dependent lookup]
  c:\program files (x86)\microsoft visual studio\2017\community\vc\tools\msvc\14.15.26726\include\exception(346): note: or       'bool std::operator !=(const std::exception_ptr &,std::nullptr_t) noexcept' [found using argument-dependent lookup]
  c:\program files (x86)\microsoft visual studio\2017\community\vc\tools\msvc\14.15.26726\include\system_error(291): note: or       'bool std::operator !=(const std::error_code &,const std::error_code &) noexcept' [found using argument-dependent lookup]
  c:\program files (x86)\microsoft visual studio\2017\community\vc\tools\msvc\14.15.26726\include\system_error(296): note: or       'bool std::operator !=(const std::error_code &,const std::error_condition &) noexcept' [found using argument-dependent lookup]
  c:\program files (x86)\microsoft visual studio\2017\community\vc\tools\msvc\14.15.26726\include\system_error(301): note: or       'bool std::operator !=(const std::error_condition &,const std::error_code &) noexcept' [found using argument-dependent lookup]
  c:\program files (x86)\microsoft visual studio\2017\community\vc\tools\msvc\14.15.26726\include\system_error(306): note: or       'bool std::operator !=(const std::error_condition &,const std::error_condition &) noexcept' [found using argument-dependent lookup]
  c:\users\joonastuo\desktop\omiatavaroita\cpp_course_project\playground\playground.cpp(33): note: or       'built-in C++ operator!=(_Ty, _Ty)'
          with
          [
              _Ty=mystruct *
          ]
  c:\users\joonastuo\desktop\omiatavaroita\cpp_course_project\playground\playground.cpp(33): note: while trying to match the argument list '(std::_Vector_iterator<std::_Vector_val<std::_Simple_types<_Ty>>>, _Ty)'
          with
          [
              _Ty=mystruct
          ]
c:\users\joonastuo\desktop\omiatavaroita\cpp_course_project\playground\playground.cpp(33): error C2065: 'i': undeclared identifier
c:\users\joonastuo\desktop\omiatavaroita\cpp_course_project\playground\playground.cpp(35): error C2100: illegal indirection
c:\users\joonastuo\desktop\omiatavaroita\cpp_course_project\playground\playground.cpp(37): error C2440: '=': cannot convert from 'std::_Vector_iterator<std::_Vector_val<std::_Simple_types<_Ty>>>' to 'mystruct *'
          with
          [
              _Ty=mystruct
          ]
  c:\users\joonastuo\desktop\omiatavaroita\cpp_course_project\playground\playground.cpp(37): note: No user-defined-conversion operator available that can perform this conversion, or the operator cannot be called
c:\users\joonastuo\desktop\omiatavaroita\cpp_course_project\playground\playground.cpp(50): error C2660: 'heapSort': function does not take 1 arguments
  c:\users\joonastuo\desktop\omiatavaroita\cpp_course_project\playground\playground.cpp(22): note: see declaration of 'heapSort'
